2026-01-27 21:40:28,421 [INFO] Starting collection for SPY...
2026-01-27 21:40:28,491 [INFO] Spot Price for SPY: 697.16
2026-01-27 21:40:29,477 [INFO] No 0DTE expiration found for SPY. Skipping.
2026-01-27 21:40:29,477 [INFO] Starting collection for QQQ...
2026-01-27 21:40:30,483 [INFO] Spot Price for QQQ: 634.27
2026-01-27 21:40:31,472 [INFO] No 0DTE expiration found for QQQ. Skipping.
2026-01-27 21:40:31,475 [INFO] Starting collection for IWM...
2026-01-27 21:40:32,485 [INFO] Spot Price for IWM: 265.1099
2026-01-27 21:40:33,474 [INFO] No 0DTE expiration found for IWM. Skipping.
2026-01-27 21:40:33,474 [INFO] Starting collection for SPX...
2026-01-27 21:40:34,484 [INFO] Spot Price for SPX: 6978.6
2026-01-27 21:40:35,487 [INFO] No 0DTE expiration found for SPX. Skipping.
2026-01-27 21:40:35,491 [INFO] Starting collection for NDX...
2026-01-27 21:40:36,489 [INFO] Spot Price for NDX: 25939.7443
2026-01-27 21:40:39,272 [INFO] No 0DTE expiration found for NDX. Skipping.
2026-01-27 21:40:39,302 [INFO] Run complete.
2026-01-27 21:43:41,681 [INFO] Starting collection for SPY...
2026-01-27 21:43:41,751 [INFO] Spot Price for SPY: 697.16
2026-01-27 21:43:42,737 [INFO] No 0DTE expiration found for SPY. Skipping.
2026-01-27 21:43:42,737 [INFO] Starting collection for QQQ...
2026-01-27 21:43:43,753 [INFO] Spot Price for QQQ: 634.27
2026-01-27 21:43:44,740 [INFO] No 0DTE expiration found for QQQ. Skipping.
2026-01-27 21:43:44,744 [INFO] Starting collection for IWM...
2026-01-27 21:43:45,756 [INFO] Spot Price for IWM: 265.1099
2026-01-27 21:43:46,741 [INFO] No 0DTE expiration found for IWM. Skipping.
2026-01-27 21:43:46,741 [INFO] Starting collection for SPX...
2026-01-27 21:43:47,750 [INFO] Spot Price for SPX: 6978.6
2026-01-27 21:43:48,746 [INFO] No 0DTE expiration found for SPX. Skipping.
2026-01-27 21:43:48,746 [INFO] Starting collection for NDX...
2026-01-27 21:43:49,757 [INFO] Spot Price for NDX: 25939.7443
2026-01-27 21:43:52,646 [INFO] No 0DTE expiration found for NDX. Skipping.
2026-01-27 21:43:52,682 [INFO] Run complete.
